<?xml version="1.0" encoding="UTF-8"?>
<testng-results ignored="0" total="6" passed="6" failed="0" skipped="0">
  <reporter-output>
  </reporter-output>
  <suite started-at="2021-10-31T14:07:23 IST" name="nopCommerce" finished-at="2021-10-31T14:07:51 IST" duration-ms="27975">
    <groups>
    </groups>
    <test started-at="2021-10-31T14:07:23 IST" name="E-Commerce Test" finished-at="2021-10-31T14:07:51 IST" duration-ms="27975">
      <class name="com.nopcommerce.testcases.TC_LoginDDT_02">
        <test-method is-config="true" signature="setUp(java.lang.String)[pri:0, instance:com.nopcommerce.testcases.TC_LoginDDT_02@53aac487]" started-at="2021-10-31T14:07:31 IST" name="setUp" finished-at="2021-10-31T14:07:32 IST" duration-ms="1640" status="PASS">
          <params>
            <param index="0">
              <value>
                <![CDATA[chrome]]>
              </value>
            </param>
          </params>
          <reporter-output>
          </reporter-output>
        </test-method> <!-- setUp -->
        <test-method signature="loginDDT(java.lang.String,java.lang.String)[pri:0, instance:com.nopcommerce.testcases.TC_LoginDDT_02@53aac487]" started-at="2021-10-31T14:07:34 IST" name="loginDDT" data-provider="LoginData" finished-at="2021-10-31T14:07:40 IST" duration-ms="6337" status="PASS">
          <params>
            <param index="0">
              <value>
                <![CDATA[david.smith@nopCommerce.com]]>
              </value>
            </param>
            <param index="1">
              <value>
                <![CDATA[David@18]]>
              </value>
            </param>
          </params>
          <reporter-output>
          </reporter-output>
        </test-method> <!-- loginDDT -->
        <test-method signature="loginDDT(java.lang.String,java.lang.String)[pri:0, instance:com.nopcommerce.testcases.TC_LoginDDT_02@53aac487]" started-at="2021-10-31T14:07:40 IST" name="loginDDT" data-provider="LoginData" finished-at="2021-10-31T14:07:43 IST" duration-ms="2598" status="PASS">
          <params>
            <param index="0">
              <value>
                <![CDATA[mngr83460]]>
              </value>
            </param>
            <param index="1">
              <value>
                <![CDATA[qAbUzyj]]>
              </value>
            </param>
          </params>
          <reporter-output>
          </reporter-output>
        </test-method> <!-- loginDDT -->
        <test-method signature="loginDDT(java.lang.String,java.lang.String)[pri:0, instance:com.nopcommerce.testcases.TC_LoginDDT_02@53aac487]" started-at="2021-10-31T14:07:43 IST" name="loginDDT" data-provider="LoginData" finished-at="2021-10-31T14:07:47 IST" duration-ms="3785" status="PASS">
          <params>
            <param index="0">
              <value>
                <![CDATA[mngr137319]]>
              </value>
            </param>
            <param index="1">
              <value>
                <![CDATA[bAdYvyb]]>
              </value>
            </param>
          </params>
          <reporter-output>
          </reporter-output>
        </test-method> <!-- loginDDT -->
        <test-method signature="loginDDT(java.lang.String,java.lang.String)[pri:0, instance:com.nopcommerce.testcases.TC_LoginDDT_02@53aac487]" started-at="2021-10-31T14:07:47 IST" name="loginDDT" data-provider="LoginData" finished-at="2021-10-31T14:07:49 IST" duration-ms="2170" status="PASS">
          <params>
            <param index="0">
              <value>
                <![CDATA[mngr164225]]>
              </value>
            </param>
            <param index="1">
              <value>
                <![CDATA[jahetAp]]>
              </value>
            </param>
          </params>
          <reporter-output>
          </reporter-output>
        </test-method> <!-- loginDDT -->
        <test-method signature="loginDDT(java.lang.String,java.lang.String)[pri:0, instance:com.nopcommerce.testcases.TC_LoginDDT_02@53aac487]" started-at="2021-10-31T14:07:49 IST" name="loginDDT" data-provider="LoginData" finished-at="2021-10-31T14:07:50 IST" duration-ms="1378" status="PASS">
          <params>
            <param index="0">
              <value>
                <![CDATA[mngr112909]]>
              </value>
            </param>
            <param index="1">
              <value>
                <![CDATA[tytUreg]]>
              </value>
            </param>
          </params>
          <reporter-output>
          </reporter-output>
        </test-method> <!-- loginDDT -->
        <test-method is-config="true" signature="tearDown()[pri:0, instance:com.nopcommerce.testcases.TC_LoginDDT_02@53aac487]" started-at="2021-10-31T14:07:50 IST" name="tearDown" finished-at="2021-10-31T14:07:51 IST" duration-ms="660" status="PASS">
          <reporter-output>
          </reporter-output>
        </test-method> <!-- tearDown -->
      </class> <!-- com.nopcommerce.testcases.TC_LoginDDT_02 -->
      <class name="com.nopcommerce.testcases.TC_LoginTest_01">
        <test-method is-config="true" signature="setUp(java.lang.String)[pri:0, instance:com.nopcommerce.testcases.TC_LoginTest_01@4efac082]" started-at="2021-10-31T14:07:23 IST" name="setUp" finished-at="2021-10-31T14:07:26 IST" duration-ms="3202" status="PASS">
          <params>
            <param index="0">
              <value>
                <![CDATA[chrome]]>
              </value>
            </param>
          </params>
          <reporter-output>
          </reporter-output>
        </test-method> <!-- setUp -->
        <test-method signature="loginTest()[pri:0, instance:com.nopcommerce.testcases.TC_LoginTest_01@4efac082]" started-at="2021-10-31T14:07:26 IST" name="loginTest" finished-at="2021-10-31T14:07:30 IST" duration-ms="3716" status="PASS">
          <reporter-output>
          </reporter-output>
        </test-method> <!-- loginTest -->
        <test-method is-config="true" signature="tearDown()[pri:0, instance:com.nopcommerce.testcases.TC_LoginTest_01@4efac082]" started-at="2021-10-31T14:07:30 IST" name="tearDown" finished-at="2021-10-31T14:07:31 IST" duration-ms="658" status="PASS">
          <reporter-output>
          </reporter-output>
        </test-method> <!-- tearDown -->
      </class> <!-- com.nopcommerce.testcases.TC_LoginTest_01 -->
    </test> <!-- E-Commerce Test -->
  </suite> <!-- nopCommerce -->
</testng-results>
