<?xml version="1.0" encoding="UTF-8"?>
<testng-results ignored="0" total="6" passed="6" failed="0" skipped="0">
  <reporter-output>
  </reporter-output>
  <suite started-at="2021-10-29T17:13:20 IST" name="nopCommerce" finished-at="2021-10-29T17:13:46 IST" duration-ms="26199">
    <groups>
    </groups>
    <test started-at="2021-10-29T17:13:20 IST" name="E-Commerce Test" finished-at="2021-10-29T17:13:46 IST" duration-ms="26199">
      <class name="com.nopcommerce.testcases.TC_LoginDDT_02">
        <test-method is-config="true" signature="setUp(java.lang.String)[pri:0, instance:com.nopcommerce.testcases.TC_LoginDDT_02@53aac487]" started-at="2021-10-29T17:13:28 IST" name="setUp" finished-at="2021-10-29T17:13:30 IST" duration-ms="1311" status="PASS">
          <params>
            <param index="0">
              <value>
                <![CDATA[chrome]]>
              </value>
            </param>
          </params>
          <reporter-output>
          </reporter-output>
        </test-method> <!-- setUp -->
        <test-method signature="loginDDT(java.lang.String,java.lang.String)[pri:0, instance:com.nopcommerce.testcases.TC_LoginDDT_02@53aac487]" started-at="2021-10-29T17:13:31 IST" name="loginDDT" data-provider="LoginData" finished-at="2021-10-29T17:13:37 IST" duration-ms="5703" status="PASS">
          <params>
            <param index="0">
              <value>
                <![CDATA[david.smith@nopCommerce.com]]>
              </value>
            </param>
            <param index="1">
              <value>
                <![CDATA[David@18]]>
              </value>
            </param>
          </params>
          <reporter-output>
          </reporter-output>
        </test-method> <!-- loginDDT -->
        <test-method signature="loginDDT(java.lang.String,java.lang.String)[pri:0, instance:com.nopcommerce.testcases.TC_LoginDDT_02@53aac487]" started-at="2021-10-29T17:13:37 IST" name="loginDDT" data-provider="LoginData" finished-at="2021-10-29T17:13:39 IST" duration-ms="2277" status="PASS">
          <params>
            <param index="0">
              <value>
                <![CDATA[mngr83460]]>
              </value>
            </param>
            <param index="1">
              <value>
                <![CDATA[qAbUzyj]]>
              </value>
            </param>
          </params>
          <reporter-output>
          </reporter-output>
        </test-method> <!-- loginDDT -->
        <test-method signature="loginDDT(java.lang.String,java.lang.String)[pri:0, instance:com.nopcommerce.testcases.TC_LoginDDT_02@53aac487]" started-at="2021-10-29T17:13:39 IST" name="loginDDT" data-provider="LoginData" finished-at="2021-10-29T17:13:41 IST" duration-ms="2370" status="PASS">
          <params>
            <param index="0">
              <value>
                <![CDATA[mngr137319]]>
              </value>
            </param>
            <param index="1">
              <value>
                <![CDATA[bAdYvyb]]>
              </value>
            </param>
          </params>
          <reporter-output>
          </reporter-output>
        </test-method> <!-- loginDDT -->
        <test-method signature="loginDDT(java.lang.String,java.lang.String)[pri:0, instance:com.nopcommerce.testcases.TC_LoginDDT_02@53aac487]" started-at="2021-10-29T17:13:41 IST" name="loginDDT" data-provider="LoginData" finished-at="2021-10-29T17:13:42 IST" duration-ms="1259" status="PASS">
          <params>
            <param index="0">
              <value>
                <![CDATA[mngr164225]]>
              </value>
            </param>
            <param index="1">
              <value>
                <![CDATA[jahetAp]]>
              </value>
            </param>
          </params>
          <reporter-output>
          </reporter-output>
        </test-method> <!-- loginDDT -->
        <test-method signature="loginDDT(java.lang.String,java.lang.String)[pri:0, instance:com.nopcommerce.testcases.TC_LoginDDT_02@53aac487]" started-at="2021-10-29T17:13:42 IST" name="loginDDT" data-provider="LoginData" finished-at="2021-10-29T17:13:45 IST" duration-ms="2597" status="PASS">
          <params>
            <param index="0">
              <value>
                <![CDATA[mngr112909]]>
              </value>
            </param>
            <param index="1">
              <value>
                <![CDATA[tytUreg]]>
              </value>
            </param>
          </params>
          <reporter-output>
          </reporter-output>
        </test-method> <!-- loginDDT -->
        <test-method is-config="true" signature="tearDown()[pri:0, instance:com.nopcommerce.testcases.TC_LoginDDT_02@53aac487]" started-at="2021-10-29T17:13:45 IST" name="tearDown" finished-at="2021-10-29T17:13:46 IST" duration-ms="653" status="PASS">
          <reporter-output>
          </reporter-output>
        </test-method> <!-- tearDown -->
      </class> <!-- com.nopcommerce.testcases.TC_LoginDDT_02 -->
      <class name="com.nopcommerce.testcases.TC_LoginTest_01">
        <test-method is-config="true" signature="setUp(java.lang.String)[pri:0, instance:com.nopcommerce.testcases.TC_LoginTest_01@4efac082]" started-at="2021-10-29T17:13:20 IST" name="setUp" finished-at="2021-10-29T17:13:22 IST" duration-ms="2564" status="PASS">
          <params>
            <param index="0">
              <value>
                <![CDATA[chrome]]>
              </value>
            </param>
          </params>
          <reporter-output>
          </reporter-output>
        </test-method> <!-- setUp -->
        <test-method signature="loginTest()[pri:0, instance:com.nopcommerce.testcases.TC_LoginTest_01@4efac082]" started-at="2021-10-29T17:13:22 IST" name="loginTest" finished-at="2021-10-29T17:13:28 IST" duration-ms="5330" status="PASS">
          <reporter-output>
          </reporter-output>
        </test-method> <!-- loginTest -->
        <test-method is-config="true" signature="tearDown()[pri:0, instance:com.nopcommerce.testcases.TC_LoginTest_01@4efac082]" started-at="2021-10-29T17:13:28 IST" name="tearDown" finished-at="2021-10-29T17:13:28 IST" duration-ms="657" status="PASS">
          <reporter-output>
          </reporter-output>
        </test-method> <!-- tearDown -->
      </class> <!-- com.nopcommerce.testcases.TC_LoginTest_01 -->
    </test> <!-- E-Commerce Test -->
  </suite> <!-- nopCommerce -->
</testng-results>
