<?xml version="1.0" encoding="UTF-8"?>
<!-- Generated by org.testng.reporters.JUnitXMLReporter -->
<testsuite ignored="0" hostname="DESKTOP-4I29KQA" failures="0" tests="6" name="E-Commerce Test" time="26.199" errors="0" timestamp="2021-10-29T17:13:46 IST">
  <testcase classname="com.nopcommerce.testcases.TC_LoginTest_01" name="loginTest" time="5.33"/>
  <testcase classname="com.nopcommerce.testcases.TC_LoginDDT_02" name="loginDDT" time="5.703"/>
  <testcase classname="com.nopcommerce.testcases.TC_LoginDDT_02" name="loginDDT" time="2.277"/>
  <testcase classname="com.nopcommerce.testcases.TC_LoginDDT_02" name="loginDDT" time="2.37"/>
  <testcase classname="com.nopcommerce.testcases.TC_LoginDDT_02" name="loginDDT" time="1.259"/>
  <testcase classname="com.nopcommerce.testcases.TC_LoginDDT_02" name="loginDDT" time="2.597"/>
</testsuite> <!-- E-Commerce Test -->
