<?xml version="1.0" encoding="UTF-8"?>
<!-- Generated by org.testng.reporters.JUnitXMLReporter -->
<testsuite ignored="0" hostname="DESKTOP-4I29KQA" failures="0" tests="6" name="E-Commerce Test" time="27.975" errors="0" timestamp="2021-10-31T14:07:51 IST">
  <testcase classname="com.nopcommerce.testcases.TC_LoginTest_01" name="loginTest" time="3.716"/>
  <testcase classname="com.nopcommerce.testcases.TC_LoginDDT_02" name="loginDDT" time="6.337"/>
  <testcase classname="com.nopcommerce.testcases.TC_LoginDDT_02" name="loginDDT" time="2.598"/>
  <testcase classname="com.nopcommerce.testcases.TC_LoginDDT_02" name="loginDDT" time="3.785"/>
  <testcase classname="com.nopcommerce.testcases.TC_LoginDDT_02" name="loginDDT" time="2.17"/>
  <testcase classname="com.nopcommerce.testcases.TC_LoginDDT_02" name="loginDDT" time="1.378"/>
</testsuite> <!-- E-Commerce Test -->
