<?xml version="1.0" encoding="UTF-8"?>
<testng-results ignored="0" total="1" passed="1" failed="0" skipped="0">
  <reporter-output>
  </reporter-output>
  <suite started-at="2021-10-27T13:42:50 IST" name="Default Suite" finished-at="2021-10-27T13:42:59 IST" duration-ms="8897">
    <groups>
    </groups>
    <test started-at="2021-10-27T13:42:50 IST" name="nopCommerce" finished-at="2021-10-27T13:42:59 IST" duration-ms="8897">
      <class name="com.nopcommerce.testcases.TC_LoginTest_01">
        <test-method is-config="true" signature="setUp()[pri:0, instance:com.nopcommerce.testcases.TC_LoginTest_01@3901d134]" started-at="2021-10-27T13:42:50 IST" name="setUp" finished-at="2021-10-27T13:42:52 IST" duration-ms="2222" status="PASS">
          <reporter-output>
          </reporter-output>
        </test-method> <!-- setUp -->
        <test-method signature="loginTest()[pri:0, instance:com.nopcommerce.testcases.TC_LoginTest_01@3901d134]" started-at="2021-10-27T13:42:52 IST" name="loginTest" finished-at="2021-10-27T13:42:59 IST" duration-ms="6503" status="PASS">
          <reporter-output>
          </reporter-output>
        </test-method> <!-- loginTest -->
        <test-method is-config="true" signature="tearDown()[pri:0, instance:com.nopcommerce.testcases.TC_LoginTest_01@3901d134]" started-at="2021-10-27T13:42:59 IST" name="tearDown" finished-at="2021-10-27T13:42:59 IST" duration-ms="132" status="PASS">
          <reporter-output>
          </reporter-output>
        </test-method> <!-- tearDown -->
      </class> <!-- com.nopcommerce.testcases.TC_LoginTest_01 -->
    </test> <!-- nopCommerce -->
  </suite> <!-- Default Suite -->
</testng-results>
